{
  "RSpec": {
    "coverage": {
      "/home/dave/WEBSITES/issueDisplay/issueDisplay/app/models/user.rb": [
        1,
        null,
        1,
        1,
        1,
        null,
        1,
        null,
        null,
        null,
        1,
        null,
        1,
        null,
        null,
        null,
        1,
        null,
        null,
        null,
        1,
        null,
        1,
        null,
        null,
        null,
        0,
        null,
        null
      ]
    },
    "timestamp": 1454371632
  }
}
