{
  "RSpec": {
    "coverage": {
      "/home/dave/WEBSITES/issueDisplay/issueDisplay/app/models/user.rb": [
        1,
        null,
        1,
        1,
        1,
        null,
        1,
        null,
        null,
        null,
        1,
        null,
        1,
        null,
        null,
        null,
        1,
        null,
        null,
        1,
        45,
        45,
        45,
        null,
        0,
        null,
        null
      ],
      "/home/dave/WEBSITES/issueDisplay/issueDisplay/app/helpers/admin_helper.rb": [
        1,
        null
      ],
      "/home/dave/WEBSITES/issueDisplay/issueDisplay/app/helpers/albums_helper.rb": [
        1,
        null
      ],
      "/home/dave/WEBSITES/issueDisplay/issueDisplay/app/helpers/application_helper.rb": [
        1,
        1,
        0,
        null,
        null,
        1,
        0,
        null,
        null,
        1,
        0,
        0,
        0,
        0,
        null,
        0,
        null,
        null
      ],
      "/home/dave/WEBSITES/issueDisplay/issueDisplay/app/helpers/areas_helper.rb": [
        1,
        null
      ],
      "/home/dave/WEBSITES/issueDisplay/issueDisplay/app/helpers/assignments_helper.rb": [
        1,
        null
      ],
      "/home/dave/WEBSITES/issueDisplay/issueDisplay/app/helpers/attempted_solutions_helper.rb": [
        1,
        null
      ],
      "/home/dave/WEBSITES/issueDisplay/issueDisplay/app/helpers/businesses_helper.rb": [
        1,
        null
      ],
      "/home/dave/WEBSITES/issueDisplay/issueDisplay/app/helpers/department_areas_helper.rb": [
        1,
        null
      ],
      "/home/dave/WEBSITES/issueDisplay/issueDisplay/app/helpers/departments_helper.rb": [
        1,
        null
      ],
      "/home/dave/WEBSITES/issueDisplay/issueDisplay/app/helpers/grants_helper.rb": [
        1,
        null,
        1,
        0,
        0,
        0,
        0,
        0,
        null,
        null,
        0,
        null,
        0,
        null,
        null,
        null,
        null,
        null,
        null
      ],
      "/home/dave/WEBSITES/issueDisplay/issueDisplay/app/helpers/images_helper.rb": [
        1,
        null
      ],
      "/home/dave/WEBSITES/issueDisplay/issueDisplay/app/helpers/impacts_helper.rb": [
        1,
        null
      ],
      "/home/dave/WEBSITES/issueDisplay/issueDisplay/app/helpers/issue_helper.rb": [
        1,
        1,
        null,
        null,
        0,
        0,
        0,
        0,
        null,
        null,
        1,
        0,
        0,
        0,
        null,
        null,
        1,
        0,
        0,
        0,
        0,
        0,
        null,
        0,
        null,
        null,
        0,
        null,
        null,
        1,
        0,
        0,
        0,
        null,
        0,
        0,
        null,
        0,
        null,
        null,
        0,
        null,
        0,
        null,
        null,
        0,
        0,
        0,
        null,
        null,
        0,
        null,
        null,
        1,
        null,
        null,
        0,
        0,
        null,
        0,
        0,
        0,
        0,
        null,
        0,
        null,
        null,
        0,
        null,
        null,
        0,
        null,
        null,
        null,
        0,
        0,
        0,
        0,
        0,
        null,
        0,
        0,
        null,
        0,
        0,
        0,
        null,
        0,
        0,
        null,
        null,
        null,
        0,
        null,
        0,
        null,
        null,
        null,
        null,
        null,
        null,
        null,
        null,
        1,
        0,
        0,
        0,
        null,
        0,
        null,
        null
      ],
      "/home/dave/WEBSITES/issueDisplay/issueDisplay/app/helpers/issue_management_helper.rb": [
        1,
        null
      ],
      "/home/dave/WEBSITES/issueDisplay/issueDisplay/app/helpers/issue_workarounds_helper.rb": [
        1,
        null
      ],
      "/home/dave/WEBSITES/issueDisplay/issueDisplay/app/helpers/notifications_helper.rb": [
        1,
        null
      ],
      "/home/dave/WEBSITES/issueDisplay/issueDisplay/app/helpers/public_activity_helper.rb": [
        1,
        1,
        0,
        null,
        0,
        0,
        0,
        null,
        0,
        null,
        0,
        0,
        null,
        0,
        null,
        0,
        null,
        null,
        1,
        0,
        null,
        0,
        0,
        0,
        null,
        0,
        null,
        0,
        0,
        null,
        0,
        null,
        0,
        null,
        null,
        null,
        null
      ],
      "/home/dave/WEBSITES/issueDisplay/issueDisplay/app/helpers/qwers_helper.rb": [
        1,
        null
      ],
      "/home/dave/WEBSITES/issueDisplay/issueDisplay/app/helpers/records_helper.rb": [
        1,
        null
      ],
      "/home/dave/WEBSITES/issueDisplay/issueDisplay/app/helpers/rights_helper.rb": [
        1,
        null
      ],
      "/home/dave/WEBSITES/issueDisplay/issueDisplay/app/helpers/roles_helper.rb": [
        1,
        null
      ],
      "/home/dave/WEBSITES/issueDisplay/issueDisplay/app/helpers/solutions_helper.rb": [
        1,
        null
      ],
      "/home/dave/WEBSITES/issueDisplay/issueDisplay/app/helpers/static_pages_helper.rb": [
        1,
        null
      ],
      "/home/dave/WEBSITES/issueDisplay/issueDisplay/app/helpers/tests_helper.rb": [
        1,
        null
      ],
      "/home/dave/WEBSITES/issueDisplay/issueDisplay/app/helpers/users_helper.rb": [
        1,
        null
      ],
      "/home/dave/WEBSITES/issueDisplay/issueDisplay/app/controllers/issues_controller.rb": [
        1,
        null,
        null,
        null,
        null,
        null,
        null,
        null,
        1,
        0,
        null,
        null,
        1,
        null,
        null,
        null,
        null,
        null,
        null,
        null,
        null,
        0,
        0,
        0,
        null,
        null,
        1,
        0,
        0,
        0,
        null,
        null,
        1,
        0,
        0,
        0,
        null,
        null,
        1,
        0,
        0,
        0,
        null,
        null,
        1,
        0,
        0,
        0,
        null,
        null,
        1,
        0,
        0,
        0,
        null,
        null,
        1,
        0,
        0,
        0,
        null,
        null,
        null,
        1,
        0,
        0,
        0,
        0,
        null,
        0,
        0,
        null,
        null,
        null,
        null,
        1,
        null,
        0,
        0,
        0,
        null,
        null,
        1,
        null,
        null,
        0,
        0,
        0,
        null,
        null,
        1,
        null,
        null,
        0,
        0,
        0,
        null,
        null,
        1,
        0,
        0,
        null,
        null,
        null,
        1,
        null,
        null,
        0,
        0,
        null,
        null,
        1,
        null,
        null,
        0,
        0,
        null,
        null,
        1,
        null,
        null,
        0,
        0,
        null,
        null,
        1,
        null,
        null,
        0,
        0,
        null,
        null,
        1,
        null,
        null,
        0,
        0,
        null,
        null,
        1,
        0,
        null,
        null,
        null,
        null,
        null,
        null,
        null,
        null,
        null,
        null,
        null,
        null,
        null,
        null,
        null,
        null,
        null,
        null,
        null,
        null,
        null,
        null,
        0,
        0,
        0,
        null,
        0,
        0,
        null,
        null,
        null,
        null,
        1,
        0,
        0,
        0,
        null,
        null,
        null,
        1,
        0,
        0,
        null,
        null,
        null,
        null,
        1,
        null,
        null,
        null,
        1,
        0,
        null,
        null,
        1,
        null,
        null,
        null,
        null,
        null,
        null,
        null,
        null,
        null,
        null,
        null,
        null,
        null,
        null,
        null,
        null,
        null,
        null,
        null,
        null,
        null,
        null,
        null,
        null,
        null,
        null,
        null,
        null,
        null,
        null,
        null,
        null,
        null,
        null,
        null,
        null,
        null,
        null,
        null,
        null,
        null,
        null,
        null,
        null,
        null,
        null,
        null
      ],
      "/home/dave/WEBSITES/issueDisplay/issueDisplay/app/controllers/b_issue_controller.rb": [
        1,
        null,
        1,
        1,
        1,
        1,
        1,
        null,
        1,
        0,
        0,
        null,
        null,
        null,
        0,
        0,
        null,
        null,
        null,
        1,
        0,
        null,
        null,
        1,
        0,
        0,
        0,
        0,
        null,
        null,
        null,
        null,
        null,
        null,
        null,
        0,
        null,
        0,
        0,
        null,
        null,
        0,
        null,
        0,
        null,
        null,
        null,
        0,
        null,
        null,
        1,
        0,
        0,
        null,
        null,
        1,
        0,
        0,
        0,
        null,
        null,
        null,
        null,
        null,
        null,
        0,
        null,
        0,
        0,
        null,
        0,
        0,
        null,
        null,
        null,
        null,
        0,
        null,
        null,
        null,
        1,
        0,
        null,
        null,
        null,
        null,
        1,
        0,
        0,
        null,
        null,
        1,
        0,
        0,
        null,
        null,
        1,
        0,
        0,
        null,
        null,
        1,
        0,
        0,
        null,
        null,
        1,
        0,
        0,
        null,
        null,
        null,
        1,
        0,
        0,
        null,
        null,
        1,
        0,
        0,
        null,
        null,
        null,
        1,
        0,
        0,
        null,
        null,
        null,
        1,
        1,
        0,
        null,
        null,
        1,
        0,
        null,
        null,
        1,
        0,
        null,
        null,
        1,
        0,
        null,
        null,
        1,
        0,
        null,
        null,
        1,
        0,
        null,
        null,
        1,
        0,
        null,
        0,
        0,
        0,
        null,
        0,
        0,
        0,
        null,
        0,
        0,
        0,
        null,
        0,
        0,
        0,
        null,
        0,
        null,
        null,
        null,
        null,
        null
      ],
      "/home/dave/WEBSITES/issueDisplay/issueDisplay/app/controllers/application_controller.rb": [
        1,
        1,
        1,
        null,
        1,
        null,
        null,
        null,
        1,
        null,
        1,
        null,
        1,
        0,
        null,
        null,
        1,
        null,
        null,
        null,
        null,
        null,
        null,
        null,
        null,
        null,
        1,
        0,
        null,
        0,
        0,
        0,
        0,
        0,
        null,
        null,
        null,
        0,
        0,
        0,
        null,
        null,
        null,
        0,
        0,
        null,
        null,
        null,
        null,
        1,
        null,
        57,
        57,
        57,
        44,
        null,
        null,
        null,
        null,
        1,
        44,
        0,
        null,
        null,
        null
      ],
      "/home/dave/WEBSITES/issueDisplay/issueDisplay/app/models/role.rb": [
        1,
        1,
        1,
        1,
        1,
        null,
        1,
        null,
        null,
        null,
        1,
        null,
        1,
        45,
        45,
        null,
        null,
        null,
        0,
        null,
        null,
        null,
        null,
        null
      ],
      "/home/dave/WEBSITES/issueDisplay/issueDisplay/app/models/assignment.rb": [
        1,
        1,
        1,
        null,
        1,
        null,
        1,
        null,
        1,
        null
      ],
      "/home/dave/WEBSITES/issueDisplay/issueDisplay/app/models/issue.rb": [
        1,
        1,
        null,
        null,
        null,
        null,
        null,
        null,
        1,
        null,
        1,
        0,
        0,
        null,
        0,
        null,
        0,
        null,
        0,
        null,
        0,
        null,
        0,
        null,
        null,
        0,
        null,
        null,
        1,
        0,
        0,
        null,
        null,
        1,
        0,
        0,
        null,
        null,
        1,
        0,
        0,
        0,
        0,
        null,
        null,
        null,
        1,
        1,
        1,
        1,
        1,
        1,
        1,
        null,
        1,
        1,
        1,
        1,
        null,
        1,
        1,
        null,
        null,
        null,
        1,
        null,
        null,
        null,
        null,
        1,
        null,
        null,
        null,
        1,
        null,
        1,
        null,
        1,
        1,
        1,
        1,
        null,
        1,
        1,
        null,
        1,
        1,
        null,
        1,
        1,
        null,
        null,
        1,
        1,
        null,
        1,
        1,
        null,
        null,
        null
      ],
      "/home/dave/WEBSITES/issueDisplay/issueDisplay/app/models/department_area.rb": [
        1,
        1,
        1,
        1,
        null,
        1,
        null,
        1,
        null,
        1,
        null
      ],
      "/home/dave/WEBSITES/issueDisplay/issueDisplay/app/models/department.rb": [
        1,
        1,
        1,
        null,
        1,
        null,
        1,
        1,
        null
      ],
      "/home/dave/WEBSITES/issueDisplay/issueDisplay/app/models/area.rb": [
        1,
        1,
        1,
        null,
        1,
        null,
        1,
        1,
        null
      ],
      "/home/dave/WEBSITES/issueDisplay/issueDisplay/app/models/impact.rb": [
        1,
        1,
        1,
        null,
        1,
        null,
        1,
        null
      ],
      "/home/dave/WEBSITES/issueDisplay/issueDisplay/app/models/right.rb": [
        1,
        1,
        1,
        null,
        1,
        1,
        1,
        null,
        null,
        null,
        null,
        null,
        null,
        null,
        null,
        null,
        null,
        null,
        null,
        null,
        null,
        null,
        null,
        null,
        null,
        null,
        null,
        null,
        null,
        null,
        null,
        null,
        null,
        null,
        null,
        null,
        null,
        null,
        null,
        null,
        null,
        null,
        null,
        null,
        null,
        null,
        null,
        null,
        null,
        null,
        null
      ],
      "/home/dave/WEBSITES/issueDisplay/issueDisplay/app/models/grant.rb": [
        1,
        1,
        1,
        null,
        1,
        null,
        1,
        null
      ]
    },
    "timestamp": 1424563663
  }
}
